136178
136178
136178
136178
136178
136178
136178
136178
136178
136178
136178
136178
136178
136178
136178
136178
136178
82562
136333
136333
136333
136333
136333
136333
136333
136333
136333
136333
136333
136333
136333
136333
136333
136333
136333
136333
136333
136333
136333
134874
136388
136388
136388
136388
136388
136388
136388
136388
136388
136388
136388
136388
136388
136388
136388
136388
136388
136388
136388
136388
136388
138370
136391
136391
136391
136391
136391
136391
136391
136391
136391
136391
136391
136391
136391
136391
136391
136391
136391
136391
136391
136391
136391
138355
136588
136588
136588
136588
136588
136588
136588
136588
136588
136588
136588
136588
136588
136588
136588
136588
136588
136588
136588
136588
136588
136791
136791
136791
136791
136791
136791
136791
136791
136791
136791
136791
136791
136791
136791
136791
136791
136791
136791
136791
136791
136791
136791
136791
136803
136803
136803
136803
136803
136803
136803
136803
136803
136803
136803
136803
136803
136803
136803
136803
136803
136803
136803
136803
136803
138344
136810
136810
136810
136810
136810
136810
136810
136810
136810
136810
136810
136810
136810
136810
136810
136810
136810
136810
136810
136810
136810
138338
136927
136927
136927
136927
136927
136927
136927
136927
136927
136927
136927
136927
136927
136927
136927
136927
136927
136927
136927
136927
138348
137089
137089
137089
137089
137089
137089
137089
137089
137089
137089
137089
137089
137089
137089
137089
137089
137089
137089
137089
137089
137089
138444
137287
137287
137287
137287
137287
137287
137287
137287
137287
137287
137287
137287
137287
137287
137287
137287
137287
137287
137287
137287
137287
138342
136279
136279
136279
136279
136279
136279
136279
136279
136279
136279
136279
136279
136279
136279
136279
136279
136279
136279
136279
136279
136279
137716
136400
136400
136400
136400
136400
136400
136400
136400
136400
136400
136400
136400
136400
136400
136400
136400
136400
136400
136400
136400
136400
136246
136448
136448
136448
136448
136448
136448
136448
136448
136448
136448
136448
136448
136448
136448
136448
136448
136448
136448
136448
136448
136448
135164
136661
136661
136661
136661
136661
136661
136661
136661
136661
136661
136661
136661
136661
136661
136661
136661
136661
136661
136661
136661
136661
134143
136817
136817
136817
136817
136817
136817
136817
136817
136817
136817
136817
136817
136817
136817
136817
136817
136817
136817
136817
136817
136817
132855
136863
136863
136863
136863
136863
136863
136863
136863
136863
136863
136863
136863
136863
136863
136863
136863
136863
136863
136863
136863
136863
131366
136952
136952
136952
136952
136952
136952
136952
136952
136952
136952
136952
136952
136952
136952
136952
136952
136952
136952
136952
136952
136952
129657
137101
137101
137101
137101
137101
137101
137101
137101
137101
137101
137101
137101
137101
137101
137101
137101
137101
137101
137101
137101
137101
127305
137223
137223
137223
137223
137223
137223
137223
137223
137223
137223
137223
137223
137223
137223
137223
137223
137223
137223
123075
137273
137273
137273
137273
137273
137273
137273
137273
137273
137273
137273
137273
137273
137273
137273
137273
137273
137273
137273
137273
137273
119058
137326
137326
137326
137326
137326
137326
137326
137326
137326
137326
137326
137326
137326
137326
137326
137326
137326
137326
137326
137326
137326
118851
137431
137431
137431
137431
137431
137431
137431
137431
137431
137431
137431
137431
137431
137431
137431
137431
137431
137431
137431
137431
137431
120699
137497
137497
137497
137497
137497
137497
137497
137497
137497
137497
137497
137497
137497
137497
137497
137497
137497
137497
137497
137497
137497
119937
137535
137535
137535
137535
137535
137535
137535
137535
137535
137535
137535
137535
137535
137535
137535
137535
137535
137535
137535
137535
137535
117534
137593
137593
137593
137593
137593
137593
137593
137593
137593
137593
137593
137593
137593
137593
137593
137593
137593
137593
137593
137593
137593
120089
137701
137701
137701
137701
137701
137701
137701
137701
137701
137701
137701
137701
137701
137701
137701
137701
137701
137701
137701
137701
137701
123647
137804
137804
137804
137804
137804
137804
137804
137804
137804
137804
137804
137804
137804
137804
137804
137804
137804
137804
137804
137804
137804
127305
137900
137900
137900
137900
137900
137900
137900
137900
137900
137900
137900
137900
137900
137900
137900
137900
137900
137900
137900
137900
137900
130389
137984
137984
137984
137984
137984
137984
137984
137984
137984
137984
137984
137984
137984
137984
137984
137984
137984
137984
137984
137984
137984
132593
137452
137452
137452
137452
137452
137452
137452
137452
137452
137452
137452
137452
137452
137452
137452
137452
137452
137452
137452
137452
137452
135020
136302
136302
136302
136302
136302
136302
136302
136302
136302
136302
136302
136302
136302
136302
136302
136302
136302
136302
136302
136302
136302
137527
82562
82562
82562
82562
82562
82562
82562
82562
82562
82562
82562
82562
82562
82562
82562
82562
82562
82562
82562
82562
82562
138961
134874
134874
134874
134874
134874
134874
134874
134874
134874
134874
134874
134874
134874
134874
134874
134874
134874
134874
134874
134874
134874
139444
138370
138370
138370
138370
138370
138370
138370
138370
138370
138370
138370
138370
138370
138370
138370
138370
138370
138370
138370
138370
138370
139597
138355
138355
138355
138355
138355
138355
138355
138355
138355
138355
138355
138355
138355
138355
138355
138355
138355
138355
138355
138355
138355
139416
138366
138366
138366
138366
138366
138366
138366
138366
138366
138366
138366
138366
138366
138366
138366
138366
138366
138366
138366
138366
138366
138984
136791
136791
136791
136791
136791
136791
136791
136791
136791
136791
136791
136791
136791
136791
136791
136791
136791
136791
136791
136791
136791
138594
138344
138344
138344
138344
138344
138344
138344
138344
138344
138344
138344
138344
138344
138344
138344
138344
138344
138344
138344
138344
138344
138046
138338
138338
138338
138338
138338
138338
138338
138338
138338
138338
138338
138338
138338
138338
138338
138338
138338
138338
138338
138338
138338
137713
138348
138348
138348
138348
138348
138348
138348
138348
138348
138348
138348
138348
138348
138348
138348
138348
138348
138348
138348
138348
138348
137581
138444
138444
138444
138444
138444
138444
138444
138444
138444
138444
138444
138444
138444
138444
138444
138444
138444
138444
138444
138444
138444
137407
138342
138342
138342
138342
138342
138342
138342
138342
138342
138342
138342
138342
138342
138342
138342
138342
138342
138342
138342
138342
138342
137716
137716
137716
137716
137716
137716
137716
137716
137716
137716
137716
137716
137716
137716
137716
137716
137716
137716
137716
137716
137716
137270
136246
136246
136246
136246
136246
136246
136246
136246
136246
136246
136246
136246
136246
136246
136246
136246
136246
136246
136246
136246
136246
136246
135164
135164
135164
135164
135164
135164
135164
135164
135164
135164
135164
135164
135164
135164
135164
135164
135164
135164
135164
