124837
124837
124837
124837
124837
124837
124837
124837
124837
124837
124837
124837
124837
124837
124837
124837
124837
82396
124887
124887
124887
124887
124887
124887
124887
124887
124887
124887
124887
124887
124887
124887
124887
124887
124887
124887
124887
124887
124887
126275
124902
124902
124902
124902
124902
124902
124902
124902
124902
124902
124902
124902
124902
124902
124902
124902
124902
124902
124902
124902
124902
127080
124901
124901
124901
124901
124901
124901
124901
124901
124901
124901
124901
124901
124901
124901
124901
124901
124901
124901
124901
124901
124901
126960
124994
124994
124994
124994
124994
124994
124994
124994
124994
124994
124994
124994
124994
124994
124994
124994
124994
124994
124994
124994
124994
125056
125056
125056
125056
125056
125056
125056
125056
125056
125056
125056
125056
125056
125056
125056
125056
125056
125056
125056
125056
125056
125056
125056
125043
125043
125043
125043
125043
125043
125043
125043
125043
125043
125043
125043
125043
125043
125043
125043
125043
125043
125043
125043
125043
126889
125034
125034
125034
125034
125034
125034
125034
125034
125034
125034
125034
125034
125034
125034
125034
125034
125034
125034
125034
125034
125034
126751
125064
125064
125064
125064
125064
125064
125064
125064
125064
125064
125064
125064
125064
125064
125064
125064
125064
125064
125064
125064
125064
125116
125116
125116
125116
125116
125116
125116
125116
125116
125116
125116
125116
125116
125116
125116
125116
125116
125116
125116
125116
125116
125116
125165
125165
125165
125165
125165
125165
125165
125165
125165
125165
125165
125165
125165
125165
125165
125165
125165
125165
125165
125165
125165
125165
125109
125109
125109
125109
125109
125109
125109
125109
125109
125109
125109
125109
125109
125109
125109
125109
125109
125109
125109
125109
125109
126247
125188
125188
125188
125188
125188
125188
125188
125188
125188
125188
125188
125188
125188
125188
125188
125188
125188
125188
125188
125188
125188
125597
125162
125162
125162
125162
125162
125162
125162
125162
125162
125162
125162
125162
125162
125162
125162
125162
125162
125162
125162
125162
125162
124876
125216
125216
125216
125216
125216
125216
125216
125216
125216
125216
125216
125216
125216
125216
125216
125216
125216
125216
125216
125216
125216
124035
125218
125218
125218
125218
125218
125218
125218
125218
125218
125218
125218
125218
125218
125218
125218
125218
125218
125218
125218
125218
125218
122956
125185
125185
125185
125185
125185
125185
125185
125185
125185
125185
125185
125185
125185
125185
125185
125185
125185
125185
125185
125185
125185
121834
125170
125170
125170
125170
125170
125170
125170
125170
125170
125170
125170
125170
125170
125170
125170
125170
125170
125170
125170
125170
125170
120684
125181
125181
125181
125181
125181
125181
125181
125181
125181
125181
125181
125181
125181
125181
125181
125181
125181
125181
125181
125181
125181
119175
125159
125159
125159
125159
125159
125159
125159
125159
125159
125159
125159
125159
125159
125159
125159
125159
125159
125159
116346
125118
125118
125118
125118
125118
125118
125118
125118
125118
125118
125118
125118
125118
125118
125118
125118
125118
125118
125118
125118
125118
113692
125117
125117
125117
125117
125117
125117
125117
125117
125117
125117
125117
125117
125117
125117
125117
125117
125117
125117
125117
125117
125117
113730
125156
125156
125156
125156
125156
125156
125156
125156
125156
125156
125156
125156
125156
125156
125156
125156
125156
125156
125156
125156
125156
115065
125177
125177
125177
125177
125177
125177
125177
125177
125177
125177
125177
125177
125177
125177
125177
125177
125177
125177
125177
125177
125177
114991
125177
125177
125177
125177
125177
125177
125177
125177
125177
125177
125177
125177
125177
125177
125177
125177
125177
125177
125177
125177
125177
113401
125204
125204
125204
125204
125204
125204
125204
125204
125204
125204
125204
125204
125204
125204
125204
125204
125204
125204
125204
125204
125204
115288
125268
125268
125268
125268
125268
125268
125268
125268
125268
125268
125268
125268
125268
125268
125268
125268
125268
125268
125268
125268
125268
117740
125341
125341
125341
125341
125341
125341
125341
125341
125341
125341
125341
125341
125341
125341
125341
125341
125341
125341
125341
125341
125341
119989
125406
125406
125406
125406
125406
125406
125406
125406
125406
125406
125406
125406
125406
125406
125406
125406
125406
125406
125406
125406
125406
122000
125464
125464
125464
125464
125464
125464
125464
125464
125464
125464
125464
125464
125464
125464
125464
125464
125464
125464
125464
125464
125464
123492
125321
125321
125321
125321
125321
125321
125321
125321
125321
125321
125321
125321
125321
125321
125321
125321
125321
125321
125321
125321
125321
125302
124898
124898
124898
124898
124898
124898
124898
124898
124898
124898
124898
124898
124898
124898
124898
124898
124898
124898
124898
124898
124898
127085
82396
82396
82396
82396
82396
82396
82396
82396
82396
82396
82396
82396
82396
82396
82396
82396
82396
82396
82396
82396
82396
128025
126275
126275
126275
126275
126275
126275
126275
126275
126275
126275
126275
126275
126275
126275
126275
126275
126275
126275
126275
126275
126275
128236
127080
127080
127080
127080
127080
127080
127080
127080
127080
127080
127080
127080
127080
127080
127080
127080
127080
127080
127080
127080
127080
128222
126960
126960
126960
126960
126960
126960
126960
126960
126960
126960
126960
126960
126960
126960
126960
126960
126960
126960
126960
126960
126960
127939
126964
126964
126964
126964
126964
126964
126964
126964
126964
126964
126964
126964
126964
126964
126964
126964
126964
126964
126964
126964
126964
127617
125056
125056
125056
125056
125056
125056
125056
125056
125056
125056
125056
125056
125056
125056
125056
125056
125056
125056
125056
125056
125056
127322
126889
126889
126889
126889
126889
126889
126889
126889
126889
126889
126889
126889
126889
126889
126889
126889
126889
126889
126889
126889
126889
126929
126751
126751
126751
126751
126751
126751
126751
126751
126751
126751
126751
126751
126751
126751
126751
126751
126751
126751
126751
126751
126751
126646
126817
126817
126817
126817
126817
126817
126817
126817
126817
126817
126817
126817
126817
126817
126817
126817
126817
126817
126817
126817
126817
126462
126746
126746
126746
126746
126746
126746
126746
126746
126746
126746
126746
126746
126746
126746
126746
126746
126746
126746
126746
126746
126746
126326
126570
126570
126570
126570
126570
126570
126570
126570
126570
126570
126570
126570
126570
126570
126570
126570
126570
126570
126570
126570
126570
126247
126247
126247
126247
126247
126247
126247
126247
126247
126247
126247
126247
126247
126247
126247
126247
126247
126247
126247
126247
126247
126247
125597
125597
125597
125597
125597
125597
125597
125597
125597
125597
125597
125597
125597
125597
125597
125597
125597
125597
125597
125597
125597
125597
124876
124876
124876
124876
124876
124876
124876
124876
124876
124876
124876
124876
124876
124876
124876
124876
124876
124876
124876
